2003.08.28 14:56 B H:\MCI_M_Drive\angelov\thesis\programming\Programming\node_3\events.h <-- itu /goban01/angelov/thesis/programming/Programming/node_3 events.h
2003.08.28 14:56 B H:\MCI_M_Drive\angelov\thesis\programming\Programming\node_3\main.c <-- itu /goban01/angelov/thesis/programming/Programming/node_3 main.c
2003.08.28 14:56 B H:\MCI_M_Drive\angelov\thesis\programming\Programming\node_3\main.d <-- itu /goban01/angelov/thesis/programming/Programming/node_3 main.d
2003.08.28 14:56 B H:\MCI_M_Drive\angelov\thesis\programming\Programming\node_3\main.eep <-- itu /goban01/angelov/thesis/programming/Programming/node_3 main.eep
2003.08.28 14:56 B H:\MCI_M_Drive\angelov\thesis\programming\Programming\node_3\main.elf <-- itu /goban01/angelov/thesis/programming/Programming/node_3 main.elf
2003.08.28 14:56 B H:\MCI_M_Drive\angelov\thesis\programming\Programming\node_3\main.hex <-- itu /goban01/angelov/thesis/programming/Programming/node_3 main.hex
2003.08.28 14:56 B H:\MCI_M_Drive\angelov\thesis\programming\Programming\node_3\main.lss <-- itu /goban01/angelov/thesis/programming/Programming/node_3 main.lss
2003.08.28 14:56 B H:\MCI_M_Drive\angelov\thesis\programming\Programming\node_3\main.lst <-- itu /goban01/angelov/thesis/programming/Programming/node_3 main.lst
2003.08.28 14:56 B H:\MCI_M_Drive\angelov\thesis\programming\Programming\node_3\main.map <-- itu /goban01/angelov/thesis/programming/Programming/node_3 main.map
2003.08.28 14:56 B H:\MCI_M_Drive\angelov\thesis\programming\Programming\node_3\main.o <-- itu /goban01/angelov/thesis/programming/Programming/node_3 main.o
2003.08.28 14:56 B H:\MCI_M_Drive\angelov\thesis\programming\Programming\node_3\main_cof.aps <-- itu /goban01/angelov/thesis/programming/Programming/node_3 main_cof.aps
2003.08.28 14:56 B H:\MCI_M_Drive\angelov\thesis\programming\Programming\node_3\Makefile <-- itu /goban01/angelov/thesis/programming/Programming/node_3 Makefile
2003.08.28 14:56 B H:\MCI_M_Drive\angelov\thesis\programming\Programming\node_3\resource.h <-- itu /goban01/angelov/thesis/programming/Programming/node_3 resource.h
2003.08.28 14:56 B H:\MCI_M_Drive\angelov\thesis\programming\Programming\node_3\semaphore.h <-- itu /goban01/angelov/thesis/programming/Programming/node_3 semaphore.h
2003.08.28 14:56 B H:\MCI_M_Drive\angelov\thesis\programming\Programming\node_3\task.c <-- itu /goban01/angelov/thesis/programming/Programming/node_3 task.c
2003.08.28 14:56 B H:\MCI_M_Drive\angelov\thesis\programming\Programming\node_3\task.d <-- itu /goban01/angelov/thesis/programming/Programming/node_3 task.d
2003.08.28 14:56 B H:\MCI_M_Drive\angelov\thesis\programming\Programming\node_3\task.h <-- itu /goban01/angelov/thesis/programming/Programming/node_3 task.h
2003.08.28 14:56 B H:\MCI_M_Drive\angelov\thesis\programming\Programming\node_3\task.lst <-- itu /goban01/angelov/thesis/programming/Programming/node_3 task.lst
2003.08.28 14:56 B H:\MCI_M_Drive\angelov\thesis\programming\Programming\node_3\task.o <-- itu /goban01/angelov/thesis/programming/Programming/node_3 task.o
2004.01.09 15:30 B H:\ITU_H_Drive\jaigurudev\MCI_M_Drive\angelov\thesis\programming\Programming\node_3\WS_FTP.LOG <-- Ipswitch /.automount/spiderman2/root/export/home1/jaigurudev/MCI_M_Drive/angelov/thesis/programming/Programming/node_3 WS_FTP.LOG
