2003.08.28 14:55 B H:\MCI_M_Drive\angelov\thesis\programming\Programming\kernel_0_3\.map <-- itu /goban01/angelov/thesis/programming/Programming/kernel_0_3 .map
2003.08.28 14:55 B H:\MCI_M_Drive\angelov\thesis\programming\Programming\kernel_0_3\CommunicationBus.c <-- itu /goban01/angelov/thesis/programming/Programming/kernel_0_3 CommunicationBus.c
2003.08.28 14:55 B H:\MCI_M_Drive\angelov\thesis\programming\Programming\kernel_0_3\global.c <-- itu /goban01/angelov/thesis/programming/Programming/kernel_0_3 global.c
2003.08.28 14:55 B H:\MCI_M_Drive\angelov\thesis\programming\Programming\kernel_0_3\global.d <-- itu /goban01/angelov/thesis/programming/Programming/kernel_0_3 global.d
2003.08.28 14:55 B H:\MCI_M_Drive\angelov\thesis\programming\Programming\kernel_0_3\global.lst <-- itu /goban01/angelov/thesis/programming/Programming/kernel_0_3 global.lst
2003.08.28 14:55 B H:\MCI_M_Drive\angelov\thesis\programming\Programming\kernel_0_3\global.o <-- itu /goban01/angelov/thesis/programming/Programming/kernel_0_3 global.o
2003.08.28 14:55 B H:\MCI_M_Drive\angelov\thesis\programming\Programming\kernel_0_3\IntegratedEventManager.c <-- itu /goban01/angelov/thesis/programming/Programming/kernel_0_3 IntegratedEventManager.c
2003.08.28 14:55 B H:\MCI_M_Drive\angelov\thesis\programming\Programming\kernel_0_3\IntegratedEventManager.d <-- itu /goban01/angelov/thesis/programming/Programming/kernel_0_3 IntegratedEventManager.d
2003.08.28 14:55 B H:\MCI_M_Drive\angelov\thesis\programming\Programming\kernel_0_3\IntegratedEventManager.h <-- itu /goban01/angelov/thesis/programming/Programming/kernel_0_3 IntegratedEventManager.h
2003.08.28 14:55 B H:\MCI_M_Drive\angelov\thesis\programming\Programming\kernel_0_3\IntegratedEventManager.lst <-- itu /goban01/angelov/thesis/programming/Programming/kernel_0_3 IntegratedEventManager.lst
2003.08.28 14:55 B H:\MCI_M_Drive\angelov\thesis\programming\Programming\kernel_0_3\IntegratedEventManager.o <-- itu /goban01/angelov/thesis/programming/Programming/kernel_0_3 IntegratedEventManager.o
2003.08.28 14:55 B H:\MCI_M_Drive\angelov\thesis\programming\Programming\kernel_0_3\IntegratedEventManager_.h <-- itu /goban01/angelov/thesis/programming/Programming/kernel_0_3 IntegratedEventManager_.h
2003.08.28 14:55 B H:\MCI_M_Drive\angelov\thesis\programming\Programming\kernel_0_3\ResourceManager.c <-- itu /goban01/angelov/thesis/programming/Programming/kernel_0_3 ResourceManager.c
2003.08.28 14:55 B H:\MCI_M_Drive\angelov\thesis\programming\Programming\kernel_0_3\ResourceManager.d <-- itu /goban01/angelov/thesis/programming/Programming/kernel_0_3 ResourceManager.d
2003.08.28 14:55 B H:\MCI_M_Drive\angelov\thesis\programming\Programming\kernel_0_3\ResourceManager.h <-- itu /goban01/angelov/thesis/programming/Programming/kernel_0_3 ResourceManager.h
2003.08.28 14:55 B H:\MCI_M_Drive\angelov\thesis\programming\Programming\kernel_0_3\ResourceManager.lst <-- itu /goban01/angelov/thesis/programming/Programming/kernel_0_3 ResourceManager.lst
2003.08.28 14:55 B H:\MCI_M_Drive\angelov\thesis\programming\Programming\kernel_0_3\ResourceManager.o <-- itu /goban01/angelov/thesis/programming/Programming/kernel_0_3 ResourceManager.o
2003.08.28 14:55 B H:\MCI_M_Drive\angelov\thesis\programming\Programming\kernel_0_3\ResourceManager_.h <-- itu /goban01/angelov/thesis/programming/Programming/kernel_0_3 ResourceManager_.h
2003.08.28 14:55 B H:\MCI_M_Drive\angelov\thesis\programming\Programming\kernel_0_3\SynchronizationBus.c <-- itu /goban01/angelov/thesis/programming/Programming/kernel_0_3 SynchronizationBus.c
2003.08.28 14:55 B H:\MCI_M_Drive\angelov\thesis\programming\Programming\kernel_0_3\SynchronizationBus.h <-- itu /goban01/angelov/thesis/programming/Programming/kernel_0_3 SynchronizationBus.h
2003.08.28 14:55 B H:\MCI_M_Drive\angelov\thesis\programming\Programming\kernel_0_3\SynchronizationBus_.h <-- itu /goban01/angelov/thesis/programming/Programming/kernel_0_3 SynchronizationBus_.h
2003.08.28 14:55 B H:\MCI_M_Drive\angelov\thesis\programming\Programming\kernel_0_3\TaskManager.c <-- itu /goban01/angelov/thesis/programming/Programming/kernel_0_3 TaskManager.c
2003.08.28 14:55 B H:\MCI_M_Drive\angelov\thesis\programming\Programming\kernel_0_3\TaskManager.d <-- itu /goban01/angelov/thesis/programming/Programming/kernel_0_3 TaskManager.d
2003.08.28 14:55 B H:\MCI_M_Drive\angelov\thesis\programming\Programming\kernel_0_3\TaskManager.h <-- itu /goban01/angelov/thesis/programming/Programming/kernel_0_3 TaskManager.h
2003.08.28 14:55 B H:\MCI_M_Drive\angelov\thesis\programming\Programming\kernel_0_3\TaskManager.lst <-- itu /goban01/angelov/thesis/programming/Programming/kernel_0_3 TaskManager.lst
2003.08.28 14:55 B H:\MCI_M_Drive\angelov\thesis\programming\Programming\kernel_0_3\TaskManager.o <-- itu /goban01/angelov/thesis/programming/Programming/kernel_0_3 TaskManager.o
2003.08.28 14:55 B H:\MCI_M_Drive\angelov\thesis\programming\Programming\kernel_0_3\TaskManager_.h <-- itu /goban01/angelov/thesis/programming/Programming/kernel_0_3 TaskManager_.h
2004.01.09 15:29 B H:\ITU_H_Drive\jaigurudev\MCI_M_Drive\angelov\thesis\programming\Programming\kernel_0_3\WS_FTP.LOG <-- Ipswitch /.automount/spiderman2/root/export/home1/jaigurudev/MCI_M_Drive/angelov/thesis/programming/Programming/kernel_0_3 WS_FTP.LOG
