2003.08.28 14:56 B H:\MCI_M_Drive\angelov\thesis\programming\Programming\node_4\defines.h <-- itu /goban01/angelov/thesis/programming/Programming/node_4 defines.h
2003.08.28 14:56 B H:\MCI_M_Drive\angelov\thesis\programming\Programming\node_4\events.h <-- itu /goban01/angelov/thesis/programming/Programming/node_4 events.h
2003.08.28 14:56 B H:\MCI_M_Drive\angelov\thesis\programming\Programming\node_4\main.c <-- itu /goban01/angelov/thesis/programming/Programming/node_4 main.c
2003.08.28 14:56 B H:\MCI_M_Drive\angelov\thesis\programming\Programming\node_4\main.d <-- itu /goban01/angelov/thesis/programming/Programming/node_4 main.d
2003.08.28 14:56 B H:\MCI_M_Drive\angelov\thesis\programming\Programming\node_4\main.eep <-- itu /goban01/angelov/thesis/programming/Programming/node_4 main.eep
2003.08.28 14:56 B H:\MCI_M_Drive\angelov\thesis\programming\Programming\node_4\main.elf <-- itu /goban01/angelov/thesis/programming/Programming/node_4 main.elf
2003.08.28 14:56 B H:\MCI_M_Drive\angelov\thesis\programming\Programming\node_4\main.hex <-- itu /goban01/angelov/thesis/programming/Programming/node_4 main.hex
2003.08.28 14:56 B H:\MCI_M_Drive\angelov\thesis\programming\Programming\node_4\main.lss <-- itu /goban01/angelov/thesis/programming/Programming/node_4 main.lss
2003.08.28 14:56 B H:\MCI_M_Drive\angelov\thesis\programming\Programming\node_4\main.lst <-- itu /goban01/angelov/thesis/programming/Programming/node_4 main.lst
2003.08.28 14:56 B H:\MCI_M_Drive\angelov\thesis\programming\Programming\node_4\main.map <-- itu /goban01/angelov/thesis/programming/Programming/node_4 main.map
2003.08.28 14:56 B H:\MCI_M_Drive\angelov\thesis\programming\Programming\node_4\main.o <-- itu /goban01/angelov/thesis/programming/Programming/node_4 main.o
2003.08.28 14:56 B H:\MCI_M_Drive\angelov\thesis\programming\Programming\node_4\main_cof.aps <-- itu /goban01/angelov/thesis/programming/Programming/node_4 main_cof.aps
2003.08.28 14:56 B H:\MCI_M_Drive\angelov\thesis\programming\Programming\node_4\Makefile <-- itu /goban01/angelov/thesis/programming/Programming/node_4 Makefile
2003.08.28 14:56 B H:\MCI_M_Drive\angelov\thesis\programming\Programming\node_4\message.h <-- itu /goban01/angelov/thesis/programming/Programming/node_4 message.h
2003.08.28 14:56 B H:\MCI_M_Drive\angelov\thesis\programming\Programming\node_4\resource.h <-- itu /goban01/angelov/thesis/programming/Programming/node_4 resource.h
2003.08.28 14:56 B H:\MCI_M_Drive\angelov\thesis\programming\Programming\node_4\semaphore.h <-- itu /goban01/angelov/thesis/programming/Programming/node_4 semaphore.h
2003.08.28 14:56 B H:\MCI_M_Drive\angelov\thesis\programming\Programming\node_4\task.c <-- itu /goban01/angelov/thesis/programming/Programming/node_4 task.c
2003.08.28 14:56 B H:\MCI_M_Drive\angelov\thesis\programming\Programming\node_4\task.d <-- itu /goban01/angelov/thesis/programming/Programming/node_4 task.d
2003.08.28 14:56 B H:\MCI_M_Drive\angelov\thesis\programming\Programming\node_4\task.h <-- itu /goban01/angelov/thesis/programming/Programming/node_4 task.h
2003.08.28 14:56 B H:\MCI_M_Drive\angelov\thesis\programming\Programming\node_4\task.lst <-- itu /goban01/angelov/thesis/programming/Programming/node_4 task.lst
2003.08.28 14:56 B H:\MCI_M_Drive\angelov\thesis\programming\Programming\node_4\task.o <-- itu /goban01/angelov/thesis/programming/Programming/node_4 task.o
2004.01.09 15:30 B H:\ITU_H_Drive\jaigurudev\MCI_M_Drive\angelov\thesis\programming\Programming\node_4\WS_FTP.LOG <-- Ipswitch /.automount/spiderman2/root/export/home1/jaigurudev/MCI_M_Drive/angelov/thesis/programming/Programming/node_4 WS_FTP.LOG
