GAS LISTING C:\DOCUME~1\goban01\LOCALS~1\Temp/ccMhaaaa.s 			page 1


   1               		.file	"semaphore.c"
   2               		.arch atmega103
   3               	__SREG__ = 0x3f
   4               	__SP_H__ = 0x3e
   5               	__SP_L__ = 0x3d
   6               	__tmp_reg__ = 0
   7               	__zero_reg__ = 1
   8               		.global __do_copy_data
   9               		.global __do_clear_bss
  10               	.global	SCB
  11               	.global	SCB
  12               		.section .bss
  13               		.type	SCB, @object
  14               		.size	SCB, 2
  15               	SCB:
  16 0000 0000      		.skip 2,0
  17               	/* File "semaphore.c": code    0 = 0x0000 (   0), prologues   0, epilogues   0 */
GAS LISTING C:\DOCUME~1\goban01\LOCALS~1\Temp/ccMhaaaa.s 			page 2


DEFINED SYMBOLS
                            *ABS*:00000000 semaphore.c
                            *ABS*:0000003f __SREG__
                            *ABS*:0000003e __SP_H__
                            *ABS*:0000003d __SP_L__
                            *ABS*:00000000 __tmp_reg__
                            *ABS*:00000001 __zero_reg__
C:\DOCUME~1\goban01\LOCALS~1\Temp/ccMhaaaa.s:15     .bss:00000000 SCB

UNDEFINED SYMBOLS
__do_copy_data
__do_clear_bss
