GAS LISTING C:\DOCUME~1\goban01\LOCALS~1\Temp/ccMhaaaa.s 			page 1


   1               		.file	"task.c"
   2               		.arch atmega103
   3               	__SREG__ = 0x3f
   4               	__SP_H__ = 0x3e
   5               	__SP_L__ = 0x3d
   6               	__tmp_reg__ = 0
   7               	__zero_reg__ = 1
   8               		.global __do_copy_data
   9               		.global __do_clear_bss
  10               	.global	RCB
  11               		.data
  12               		.type	RCB, @object
  13               		.size	RCB, 2
  14               	RCB:
  15 0000 00        		.byte	0
  16 0001 01        		.byte	1
  17               	.global	TCB
  18               		.type	TCB, @object
  19               		.size	TCB, 16
  20               	TCB:
  21 0002 0000      		.word	0
  22 0004 0000      		.word	0
  23 0006 0000      		.word	msgDestBuf2
  24 0008 0000      		.word	0
  25 000a 0000      		.word	0
  26 000c 0000      		.word	msgDestBuf5
  27 000e 0000      		.word	msgDestBuf6
  28 0010 0000      		.word	0
  29               	.global	start_task
  30               		.type	start_task, @object
  31               		.size	start_task, 16
  32               	start_task:
  33 0012 0000      		.word	pm(task0)
  34 0014 0000      		.word	pm(task1)
  35 0016 0000      		.word	pm(task2)
  36 0018 0000      		.word	pm(task3)
  37 001a 0000      		.word	pm(task4)
  38 001c 0000      		.word	pm(task5)
  39 001e 0000      		.word	pm(task6)
  40 0020 0000      		.word	pm(task7)
  41               		.text
  42               	.global	delay
  43               		.type	delay, @function
  44               	delay:
  45               	/* prologue: frame size=0 */
  46               	/* prologue end (size=0) */
  47 0000 6150      		subi r22,lo8(-(-1))
  48 0002 7040      		sbci r23,hi8(-(-1))
  49 0004 8040      		sbci r24,hlo8(-(-1))
  50 0006 9040      		sbci r25,hhi8(-(-1))
  51 0008 6F3F      		cpi r22,lo8(-1)
  52 000a 2FEF      		ldi r18,hi8(-1)
  53 000c 7207      		cpc r23,r18
  54 000e 2FEF      		ldi r18,hlo8(-1)
  55 0010 8207      		cpc r24,r18
  56 0012 2FEF      		ldi r18,hhi8(-1)
  57 0014 9207      		cpc r25,r18
GAS LISTING C:\DOCUME~1\goban01\LOCALS~1\Temp/ccMhaaaa.s 			page 2


  58 0016 31F0      		breq .L7
  59               	.L5:
  60               	/* #APP */
  61 0018 0000      		nop
  62               	/* #NOAPP */
  63 001a 6150      		subi r22,1
  64 001c 7109      		sbc r23,__zero_reg__
  65 001e 8109      		sbc r24,__zero_reg__
  66 0020 9109      		sbc r25,__zero_reg__
  67               	
  68 0022 D0F7      		brcc .L5
  69               	.L7:
  70 0024 0895      		ret
  71               	/* epilogue: frame size=0 */
  72               	/* epilogue: noreturn */
  73               	/* epilogue end (size=0) */
  74               	/* function delay size 27 (27) */
  75               		.size	delay, .-delay
  76               	.global	task0
  77               		.type	task0, @function
  78               	task0:
  79               	/* prologue: frame size=0 */
  80               	/* prologue end (size=0) */
  81               	/* #APP */
  82 0026 7894      		sei
  83               	/* #NOAPP */
  84 0028 88B3      		in r24,56-0x20
  85 002a 91E0      		ldi r25,lo8(1)
  86 002c 8927      		eor r24,r25
  87 002e 88BB      		out 56-0x20,r24
  88 0030 0E94 0000 		call taskExit
  89               	/* epilogue: frame size=0 */
  90 0034 0895      		ret
  91               	/* epilogue end (size=1) */
  92               	/* function task0 size 9 (8) */
  93               		.size	task0, .-task0
  94               	.global	task1
  95               		.type	task1, @function
  96               	task1:
  97               	/* prologue: frame size=0 */
  98               	/* prologue end (size=0) */
  99               	/* #APP */
 100 0036 7894      		sei
 101               	/* #NOAPP */
 102 0038 88B3      		in r24,56-0x20
 103 003a 92E0      		ldi r25,lo8(2)
 104 003c 8927      		eor r24,r25
 105 003e 88BB      		out 56-0x20,r24
 106 0040 0E94 0000 		call taskExit
 107               	/* epilogue: frame size=0 */
 108 0044 0895      		ret
 109               	/* epilogue end (size=1) */
 110               	/* function task1 size 9 (8) */
 111               		.size	task1, .-task1
 112               	.global	task2
 113               		.type	task2, @function
 114               	task2:
GAS LISTING C:\DOCUME~1\goban01\LOCALS~1\Temp/ccMhaaaa.s 			page 3


 115               	/* prologue: frame size=0 */
 116               	/* prologue end (size=0) */
 117               	/* #APP */
 118 0046 7894      		sei
 119               	/* #NOAPP */
 120 0048 88B3      		in r24,56-0x20
 121 004a 94E0      		ldi r25,lo8(4)
 122 004c 8927      		eor r24,r25
 123 004e 88BB      		out 56-0x20,r24
 124 0050 0E94 0000 		call taskExit
 125               	/* epilogue: frame size=0 */
 126 0054 0895      		ret
 127               	/* epilogue end (size=1) */
 128               	/* function task2 size 9 (8) */
 129               		.size	task2, .-task2
 130               	.global	task3
 131               		.type	task3, @function
 132               	task3:
 133               	/* prologue: frame size=0 */
 134               	/* prologue end (size=0) */
 135               	/* #APP */
 136 0056 7894      		sei
 137               	/* #NOAPP */
 138 0058 88B3      		in r24,56-0x20
 139 005a 98E0      		ldi r25,lo8(8)
 140 005c 8927      		eor r24,r25
 141 005e 88BB      		out 56-0x20,r24
 142 0060 0E94 0000 		call taskExit
 143               	/* epilogue: frame size=0 */
 144 0064 0895      		ret
 145               	/* epilogue end (size=1) */
 146               	/* function task3 size 9 (8) */
 147               		.size	task3, .-task3
 148               	.global	task4
 149               		.type	task4, @function
 150               	task4:
 151               	/* prologue: frame size=0 */
 152               	/* prologue end (size=0) */
 153               	/* #APP */
 154 0066 7894      		sei
 155               	/* #NOAPP */
 156 0068 88B3      		in r24,56-0x20
 157 006a 90E1      		ldi r25,lo8(16)
 158 006c 8927      		eor r24,r25
 159 006e 88BB      		out 56-0x20,r24
 160 0070 0E94 0000 		call taskExit
 161               	/* epilogue: frame size=0 */
 162 0074 0895      		ret
 163               	/* epilogue end (size=1) */
 164               	/* function task4 size 9 (8) */
 165               		.size	task4, .-task4
 166               	.global	task5
 167               		.type	task5, @function
 168               	task5:
 169               	/* prologue: frame size=0 */
 170               	/* prologue end (size=0) */
 171               	/* #APP */
GAS LISTING C:\DOCUME~1\goban01\LOCALS~1\Temp/ccMhaaaa.s 			page 4


 172 0076 7894      		sei
 173               	/* #NOAPP */
 174 0078 88B3      		in r24,56-0x20
 175 007a 90E2      		ldi r25,lo8(32)
 176 007c 8927      		eor r24,r25
 177 007e 88BB      		out 56-0x20,r24
 178 0080 81E0      		ldi r24,lo8(1)
 179 0082 0E94 0000 		call getMsgSourceBuffer
 180 0086 F92F      		mov r31,r25
 181 0088 E82F      		mov r30,r24
 182 008a 85EA      		ldi r24,lo8(165)
 183 008c 90E0      		ldi r25,hi8(165)
 184 008e A0E0      		ldi r26,hlo8(165)
 185 0090 B0E0      		ldi r27,hhi8(165)
 186 0092 8083      		st Z,r24
 187 0094 9183      		std Z+1,r25
 188 0096 A283      		std Z+2,r26
 189 0098 B383      		std Z+3,r27
 190 009a 81E0      		ldi r24,lo8(1)
 191 009c 0E94 0000 		call broadcast
 192 00a0 0E94 0000 		call taskExit
 193               	/* epilogue: frame size=0 */
 194 00a4 0895      		ret
 195               	/* epilogue end (size=1) */
 196               	/* function task5 size 25 (24) */
 197               		.size	task5, .-task5
 198               	.global	task6
 199               		.type	task6, @function
 200               	task6:
 201               	/* prologue: frame size=0 */
 202               	/* prologue end (size=0) */
 203               	/* #APP */
 204 00a6 7894      		sei
 205               	/* #NOAPP */
 206 00a8 88B3      		in r24,56-0x20
 207 00aa 90E4      		ldi r25,lo8(64)
 208 00ac 8927      		eor r24,r25
 209 00ae 88BB      		out 56-0x20,r24
 210 00b0 81E0      		ldi r24,lo8(1)
 211 00b2 0E94 0000 		call receive
 212 00b6 8823      		tst r24
 213 00b8 61F0      		breq .L15
 214 00ba 0E94 0000 		call getMsgDestinationBuffer
 215 00be F92F      		mov r31,r25
 216 00c0 E82F      		mov r30,r24
 217 00c2 8081      		ld r24,Z
 218 00c4 88BB      		out 56-0x20,r24
 219 00c6 60EA      		ldi r22,lo8(100000)
 220 00c8 76E8      		ldi r23,hi8(100000)
 221 00ca 81E0      		ldi r24,hlo8(100000)
 222 00cc 90E0      		ldi r25,hhi8(100000)
 223 00ce 0E94 0000 		call delay
 224               	.L15:
 225 00d2 0E94 0000 		call taskExit
 226               	/* epilogue: frame size=0 */
 227 00d6 0895      		ret
 228               	/* epilogue end (size=1) */
GAS LISTING C:\DOCUME~1\goban01\LOCALS~1\Temp/ccMhaaaa.s 			page 5


 229               	/* function task6 size 26 (25) */
 230               		.size	task6, .-task6
 231               	.global	task7
 232               		.type	task7, @function
 233               	task7:
 234               	/* prologue: frame size=0 */
 235               	/* prologue end (size=0) */
 236               	/* #APP */
 237 00d8 7894      		sei
 238               	/* #NOAPP */
 239 00da 88B3      		in r24,56-0x20
 240 00dc 90E8      		ldi r25,lo8(-128)
 241 00de 8927      		eor r24,r25
 242 00e0 88BB      		out 56-0x20,r24
 243 00e2 0E94 0000 		call taskExit
 244               	/* epilogue: frame size=0 */
 245 00e6 0895      		ret
 246               	/* epilogue end (size=1) */
 247               	/* function task7 size 9 (8) */
 248               		.size	task7, .-task7
 249               		.comm sourceBuf0,2,1
 250               		.comm sourceBuf1,4,1
 251               		.comm msgDestBuf6,4,1
 252               		.comm msgDestBuf5,2,1
 253               		.comm msgDestBuf2,4,1
 254               		.comm PI_Stack,2,1
 255               	/* File "task.c": code  132 = 0x0084 ( 124), prologues   0, epilogues   8 */
GAS LISTING C:\DOCUME~1\goban01\LOCALS~1\Temp/ccMhaaaa.s 			page 6


DEFINED SYMBOLS
                            *ABS*:00000000 task.c
                            *ABS*:0000003f __SREG__
                            *ABS*:0000003e __SP_H__
                            *ABS*:0000003d __SP_L__
                            *ABS*:00000000 __tmp_reg__
                            *ABS*:00000001 __zero_reg__
C:\DOCUME~1\goban01\LOCALS~1\Temp/ccMhaaaa.s:14     .data:00000000 RCB
C:\DOCUME~1\goban01\LOCALS~1\Temp/ccMhaaaa.s:20     .data:00000002 TCB
                            *COM*:00000004 msgDestBuf2
                            *COM*:00000002 msgDestBuf5
                            *COM*:00000004 msgDestBuf6
C:\DOCUME~1\goban01\LOCALS~1\Temp/ccMhaaaa.s:32     .data:00000012 start_task
C:\DOCUME~1\goban01\LOCALS~1\Temp/ccMhaaaa.s:78     .text:00000026 task0
C:\DOCUME~1\goban01\LOCALS~1\Temp/ccMhaaaa.s:96     .text:00000036 task1
C:\DOCUME~1\goban01\LOCALS~1\Temp/ccMhaaaa.s:114    .text:00000046 task2
C:\DOCUME~1\goban01\LOCALS~1\Temp/ccMhaaaa.s:132    .text:00000056 task3
C:\DOCUME~1\goban01\LOCALS~1\Temp/ccMhaaaa.s:150    .text:00000066 task4
C:\DOCUME~1\goban01\LOCALS~1\Temp/ccMhaaaa.s:168    .text:00000076 task5
C:\DOCUME~1\goban01\LOCALS~1\Temp/ccMhaaaa.s:200    .text:000000a6 task6
C:\DOCUME~1\goban01\LOCALS~1\Temp/ccMhaaaa.s:233    .text:000000d8 task7
C:\DOCUME~1\goban01\LOCALS~1\Temp/ccMhaaaa.s:44     .text:00000000 delay
                            *COM*:00000002 sourceBuf0
                            *COM*:00000004 sourceBuf1
                            *COM*:00000002 PI_Stack
                            *ABS*:00000000 *ABS*

UNDEFINED SYMBOLS
__do_copy_data
__do_clear_bss
taskExit
getMsgSourceBuffer
broadcast
receive
getMsgDestinationBuffer
