2003.08.28 14:56 B H:\MCI_M_Drive\angelov\thesis\programming\Programming\node_5\defines.h <-- itu /goban01/angelov/thesis/programming/Programming/node_5 defines.h
2003.08.28 14:56 B H:\MCI_M_Drive\angelov\thesis\programming\Programming\node_5\events.c <-- itu /goban01/angelov/thesis/programming/Programming/node_5 events.c
2003.08.28 14:56 B H:\MCI_M_Drive\angelov\thesis\programming\Programming\node_5\events.d <-- itu /goban01/angelov/thesis/programming/Programming/node_5 events.d
2003.08.28 14:56 B H:\MCI_M_Drive\angelov\thesis\programming\Programming\node_5\events.h <-- itu /goban01/angelov/thesis/programming/Programming/node_5 events.h
2003.08.28 14:56 B H:\MCI_M_Drive\angelov\thesis\programming\Programming\node_5\events.lst <-- itu /goban01/angelov/thesis/programming/Programming/node_5 events.lst
2003.08.28 14:56 B H:\MCI_M_Drive\angelov\thesis\programming\Programming\node_5\events.o <-- itu /goban01/angelov/thesis/programming/Programming/node_5 events.o
2003.08.28 14:56 B H:\MCI_M_Drive\angelov\thesis\programming\Programming\node_5\main.c <-- itu /goban01/angelov/thesis/programming/Programming/node_5 main.c
2003.08.28 14:56 B H:\MCI_M_Drive\angelov\thesis\programming\Programming\node_5\main.d <-- itu /goban01/angelov/thesis/programming/Programming/node_5 main.d
2003.08.28 14:56 B H:\MCI_M_Drive\angelov\thesis\programming\Programming\node_5\main.eep <-- itu /goban01/angelov/thesis/programming/Programming/node_5 main.eep
2003.08.28 14:56 B H:\MCI_M_Drive\angelov\thesis\programming\Programming\node_5\main.elf <-- itu /goban01/angelov/thesis/programming/Programming/node_5 main.elf
2003.08.28 14:56 B H:\MCI_M_Drive\angelov\thesis\programming\Programming\node_5\main.hex <-- itu /goban01/angelov/thesis/programming/Programming/node_5 main.hex
2003.08.28 14:56 B H:\MCI_M_Drive\angelov\thesis\programming\Programming\node_5\main.lss <-- itu /goban01/angelov/thesis/programming/Programming/node_5 main.lss
2003.08.28 14:56 B H:\MCI_M_Drive\angelov\thesis\programming\Programming\node_5\main.lst <-- itu /goban01/angelov/thesis/programming/Programming/node_5 main.lst
2003.08.28 14:56 B H:\MCI_M_Drive\angelov\thesis\programming\Programming\node_5\main.map <-- itu /goban01/angelov/thesis/programming/Programming/node_5 main.map
2003.08.28 14:56 B H:\MCI_M_Drive\angelov\thesis\programming\Programming\node_5\main.o <-- itu /goban01/angelov/thesis/programming/Programming/node_5 main.o
2003.08.28 14:56 B H:\MCI_M_Drive\angelov\thesis\programming\Programming\node_5\main_cof.aps <-- itu /goban01/angelov/thesis/programming/Programming/node_5 main_cof.aps
2003.08.28 14:56 B H:\MCI_M_Drive\angelov\thesis\programming\Programming\node_5\Makefile <-- itu /goban01/angelov/thesis/programming/Programming/node_5 Makefile
2003.08.28 14:56 B H:\MCI_M_Drive\angelov\thesis\programming\Programming\node_5\message.c <-- itu /goban01/angelov/thesis/programming/Programming/node_5 message.c
2003.08.28 14:56 B H:\MCI_M_Drive\angelov\thesis\programming\Programming\node_5\message.d <-- itu /goban01/angelov/thesis/programming/Programming/node_5 message.d
2003.08.28 14:56 B H:\MCI_M_Drive\angelov\thesis\programming\Programming\node_5\message.h <-- itu /goban01/angelov/thesis/programming/Programming/node_5 message.h
2003.08.28 14:56 B H:\MCI_M_Drive\angelov\thesis\programming\Programming\node_5\message.lst <-- itu /goban01/angelov/thesis/programming/Programming/node_5 message.lst
2003.08.28 14:56 B H:\MCI_M_Drive\angelov\thesis\programming\Programming\node_5\message.o <-- itu /goban01/angelov/thesis/programming/Programming/node_5 message.o
2003.08.28 14:56 B H:\MCI_M_Drive\angelov\thesis\programming\Programming\node_5\resource.h <-- itu /goban01/angelov/thesis/programming/Programming/node_5 resource.h
2003.08.28 14:56 B H:\MCI_M_Drive\angelov\thesis\programming\Programming\node_5\semaphore.c <-- itu /goban01/angelov/thesis/programming/Programming/node_5 semaphore.c
2003.08.28 14:56 B H:\MCI_M_Drive\angelov\thesis\programming\Programming\node_5\semaphore.d <-- itu /goban01/angelov/thesis/programming/Programming/node_5 semaphore.d
2003.08.28 14:56 B H:\MCI_M_Drive\angelov\thesis\programming\Programming\node_5\semaphore.h <-- itu /goban01/angelov/thesis/programming/Programming/node_5 semaphore.h
2003.08.28 14:56 B H:\MCI_M_Drive\angelov\thesis\programming\Programming\node_5\semaphore.lst <-- itu /goban01/angelov/thesis/programming/Programming/node_5 semaphore.lst
2003.08.28 14:56 B H:\MCI_M_Drive\angelov\thesis\programming\Programming\node_5\semaphore.o <-- itu /goban01/angelov/thesis/programming/Programming/node_5 semaphore.o
2003.08.28 14:56 B H:\MCI_M_Drive\angelov\thesis\programming\Programming\node_5\task.c <-- itu /goban01/angelov/thesis/programming/Programming/node_5 task.c
2003.08.28 14:56 B H:\MCI_M_Drive\angelov\thesis\programming\Programming\node_5\task.d <-- itu /goban01/angelov/thesis/programming/Programming/node_5 task.d
2003.08.28 14:56 B H:\MCI_M_Drive\angelov\thesis\programming\Programming\node_5\task.h <-- itu /goban01/angelov/thesis/programming/Programming/node_5 task.h
2003.08.28 14:56 B H:\MCI_M_Drive\angelov\thesis\programming\Programming\node_5\task.lst <-- itu /goban01/angelov/thesis/programming/Programming/node_5 task.lst
2003.08.28 14:56 B H:\MCI_M_Drive\angelov\thesis\programming\Programming\node_5\task.o <-- itu /goban01/angelov/thesis/programming/Programming/node_5 task.o
2004.01.09 15:30 B H:\ITU_H_Drive\jaigurudev\MCI_M_Drive\angelov\thesis\programming\Programming\node_5\WS_FTP.LOG <-- Ipswitch /.automount/spiderman2/root/export/home1/jaigurudev/MCI_M_Drive/angelov/thesis/programming/Programming/node_5 WS_FTP.LOG
