2003.08.28 14:55 B H:\MCI_M_Drive\angelov\thesis\programming\Programming\kernel_0_5\.map <-- itu /goban01/angelov/thesis/programming/Programming/kernel_0_5 .map
2003.08.28 14:55 B H:\MCI_M_Drive\angelov\thesis\programming\Programming\kernel_0_5\CommunicationBus.c <-- itu /goban01/angelov/thesis/programming/Programming/kernel_0_5 CommunicationBus.c
2003.08.28 14:55 B H:\MCI_M_Drive\angelov\thesis\programming\Programming\kernel_0_5\CommunicationBus.d <-- itu /goban01/angelov/thesis/programming/Programming/kernel_0_5 CommunicationBus.d
2003.08.28 14:55 B H:\MCI_M_Drive\angelov\thesis\programming\Programming\kernel_0_5\CommunicationBus.h <-- itu /goban01/angelov/thesis/programming/Programming/kernel_0_5 CommunicationBus.h
2003.08.28 14:55 B H:\MCI_M_Drive\angelov\thesis\programming\Programming\kernel_0_5\CommunicationBus.lst <-- itu /goban01/angelov/thesis/programming/Programming/kernel_0_5 CommunicationBus.lst
2003.08.28 14:56 B H:\MCI_M_Drive\angelov\thesis\programming\Programming\kernel_0_5\CommunicationBus.o <-- itu /goban01/angelov/thesis/programming/Programming/kernel_0_5 CommunicationBus.o
2003.08.28 14:56 B H:\MCI_M_Drive\angelov\thesis\programming\Programming\kernel_0_5\CommunicationBus_.h <-- itu /goban01/angelov/thesis/programming/Programming/kernel_0_5 CommunicationBus_.h
2003.08.28 14:56 B H:\MCI_M_Drive\angelov\thesis\programming\Programming\kernel_0_5\global.c <-- itu /goban01/angelov/thesis/programming/Programming/kernel_0_5 global.c
2003.08.28 14:56 B H:\MCI_M_Drive\angelov\thesis\programming\Programming\kernel_0_5\global.d <-- itu /goban01/angelov/thesis/programming/Programming/kernel_0_5 global.d
2003.08.28 14:56 B H:\MCI_M_Drive\angelov\thesis\programming\Programming\kernel_0_5\global.lst <-- itu /goban01/angelov/thesis/programming/Programming/kernel_0_5 global.lst
2003.08.28 14:56 B H:\MCI_M_Drive\angelov\thesis\programming\Programming\kernel_0_5\global.o <-- itu /goban01/angelov/thesis/programming/Programming/kernel_0_5 global.o
2003.08.28 14:56 B H:\MCI_M_Drive\angelov\thesis\programming\Programming\kernel_0_5\IntegratedEventManager.c <-- itu /goban01/angelov/thesis/programming/Programming/kernel_0_5 IntegratedEventManager.c
2003.08.28 14:56 B H:\MCI_M_Drive\angelov\thesis\programming\Programming\kernel_0_5\IntegratedEventManager.d <-- itu /goban01/angelov/thesis/programming/Programming/kernel_0_5 IntegratedEventManager.d
2003.08.28 14:56 B H:\MCI_M_Drive\angelov\thesis\programming\Programming\kernel_0_5\IntegratedEventManager.h <-- itu /goban01/angelov/thesis/programming/Programming/kernel_0_5 IntegratedEventManager.h
2003.08.28 14:56 B H:\MCI_M_Drive\angelov\thesis\programming\Programming\kernel_0_5\IntegratedEventManager.lst <-- itu /goban01/angelov/thesis/programming/Programming/kernel_0_5 IntegratedEventManager.lst
2003.08.28 14:56 B H:\MCI_M_Drive\angelov\thesis\programming\Programming\kernel_0_5\IntegratedEventManager.o <-- itu /goban01/angelov/thesis/programming/Programming/kernel_0_5 IntegratedEventManager.o
2003.08.28 14:56 B H:\MCI_M_Drive\angelov\thesis\programming\Programming\kernel_0_5\IntegratedEventManager_.h <-- itu /goban01/angelov/thesis/programming/Programming/kernel_0_5 IntegratedEventManager_.h
2003.08.28 14:56 B H:\MCI_M_Drive\angelov\thesis\programming\Programming\kernel_0_5\ResourceManager.c <-- itu /goban01/angelov/thesis/programming/Programming/kernel_0_5 ResourceManager.c
2003.08.28 14:56 B H:\MCI_M_Drive\angelov\thesis\programming\Programming\kernel_0_5\ResourceManager.d <-- itu /goban01/angelov/thesis/programming/Programming/kernel_0_5 ResourceManager.d
2003.08.28 14:56 B H:\MCI_M_Drive\angelov\thesis\programming\Programming\kernel_0_5\ResourceManager.h <-- itu /goban01/angelov/thesis/programming/Programming/kernel_0_5 ResourceManager.h
2003.08.28 14:56 B H:\MCI_M_Drive\angelov\thesis\programming\Programming\kernel_0_5\ResourceManager.lst <-- itu /goban01/angelov/thesis/programming/Programming/kernel_0_5 ResourceManager.lst
2003.08.28 14:56 B H:\MCI_M_Drive\angelov\thesis\programming\Programming\kernel_0_5\ResourceManager.o <-- itu /goban01/angelov/thesis/programming/Programming/kernel_0_5 ResourceManager.o
2003.08.28 14:56 B H:\MCI_M_Drive\angelov\thesis\programming\Programming\kernel_0_5\ResourceManager_.h <-- itu /goban01/angelov/thesis/programming/Programming/kernel_0_5 ResourceManager_.h
2003.08.28 14:56 B H:\MCI_M_Drive\angelov\thesis\programming\Programming\kernel_0_5\SynchronizationBus.c <-- itu /goban01/angelov/thesis/programming/Programming/kernel_0_5 SynchronizationBus.c
2003.08.28 14:56 B H:\MCI_M_Drive\angelov\thesis\programming\Programming\kernel_0_5\SynchronizationBus.d <-- itu /goban01/angelov/thesis/programming/Programming/kernel_0_5 SynchronizationBus.d
2003.08.28 14:56 B H:\MCI_M_Drive\angelov\thesis\programming\Programming\kernel_0_5\SynchronizationBus.h <-- itu /goban01/angelov/thesis/programming/Programming/kernel_0_5 SynchronizationBus.h
2003.08.28 14:56 B H:\MCI_M_Drive\angelov\thesis\programming\Programming\kernel_0_5\SynchronizationBus.lst <-- itu /goban01/angelov/thesis/programming/Programming/kernel_0_5 SynchronizationBus.lst
2003.08.28 14:56 B H:\MCI_M_Drive\angelov\thesis\programming\Programming\kernel_0_5\SynchronizationBus.o <-- itu /goban01/angelov/thesis/programming/Programming/kernel_0_5 SynchronizationBus.o
2003.08.28 14:56 B H:\MCI_M_Drive\angelov\thesis\programming\Programming\kernel_0_5\SynchronizationBus_.h <-- itu /goban01/angelov/thesis/programming/Programming/kernel_0_5 SynchronizationBus_.h
2003.08.28 14:56 B H:\MCI_M_Drive\angelov\thesis\programming\Programming\kernel_0_5\TaskManager.c <-- itu /goban01/angelov/thesis/programming/Programming/kernel_0_5 TaskManager.c
2003.08.28 14:56 B H:\MCI_M_Drive\angelov\thesis\programming\Programming\kernel_0_5\TaskManager.d <-- itu /goban01/angelov/thesis/programming/Programming/kernel_0_5 TaskManager.d
2003.08.28 14:56 B H:\MCI_M_Drive\angelov\thesis\programming\Programming\kernel_0_5\TaskManager.h <-- itu /goban01/angelov/thesis/programming/Programming/kernel_0_5 TaskManager.h
2003.08.28 14:56 B H:\MCI_M_Drive\angelov\thesis\programming\Programming\kernel_0_5\TaskManager.lst <-- itu /goban01/angelov/thesis/programming/Programming/kernel_0_5 TaskManager.lst
2003.08.28 14:56 B H:\MCI_M_Drive\angelov\thesis\programming\Programming\kernel_0_5\TaskManager.o <-- itu /goban01/angelov/thesis/programming/Programming/kernel_0_5 TaskManager.o
2003.08.28 14:56 B H:\MCI_M_Drive\angelov\thesis\programming\Programming\kernel_0_5\TaskManager_.h <-- itu /goban01/angelov/thesis/programming/Programming/kernel_0_5 TaskManager_.h
2004.01.09 15:29 B H:\ITU_H_Drive\jaigurudev\MCI_M_Drive\angelov\thesis\programming\Programming\kernel_0_5\WS_FTP.LOG <-- Ipswitch /.automount/spiderman2/root/export/home1/jaigurudev/MCI_M_Drive/angelov/thesis/programming/Programming/kernel_0_5 WS_FTP.LOG
