2003.08.28 14:55 B H:\MCI_M_Drive\angelov\thesis\programming\Programming\kernel_0_1\.map <-- itu /goban01/angelov/thesis/programming/Programming/kernel_0_1 .map
2003.08.28 14:55 B H:\MCI_M_Drive\angelov\thesis\programming\Programming\kernel_0_1\global.c <-- itu /goban01/angelov/thesis/programming/Programming/kernel_0_1 global.c
2003.08.28 14:55 B H:\MCI_M_Drive\angelov\thesis\programming\Programming\kernel_0_1\global.d <-- itu /goban01/angelov/thesis/programming/Programming/kernel_0_1 global.d
2003.08.28 14:55 B H:\MCI_M_Drive\angelov\thesis\programming\Programming\kernel_0_1\global.lst <-- itu /goban01/angelov/thesis/programming/Programming/kernel_0_1 global.lst
2003.08.28 14:55 B H:\MCI_M_Drive\angelov\thesis\programming\Programming\kernel_0_1\global.o <-- itu /goban01/angelov/thesis/programming/Programming/kernel_0_1 global.o
2003.08.28 14:55 B H:\MCI_M_Drive\angelov\thesis\programming\Programming\kernel_0_1\IntegratedEventManager.c <-- itu /goban01/angelov/thesis/programming/Programming/kernel_0_1 IntegratedEventManager.c
2003.08.28 14:55 B H:\MCI_M_Drive\angelov\thesis\programming\Programming\kernel_0_1\IntegratedEventManager.h <-- itu /goban01/angelov/thesis/programming/Programming/kernel_0_1 IntegratedEventManager.h
2003.08.28 14:55 B H:\MCI_M_Drive\angelov\thesis\programming\Programming\kernel_0_1\ResourceManager.c <-- itu /goban01/angelov/thesis/programming/Programming/kernel_0_1 ResourceManager.c
2003.08.28 14:55 B H:\MCI_M_Drive\angelov\thesis\programming\Programming\kernel_0_1\ResourceManager.d <-- itu /goban01/angelov/thesis/programming/Programming/kernel_0_1 ResourceManager.d
2003.08.28 14:55 B H:\MCI_M_Drive\angelov\thesis\programming\Programming\kernel_0_1\ResourceManager.h <-- itu /goban01/angelov/thesis/programming/Programming/kernel_0_1 ResourceManager.h
2003.08.28 14:55 B H:\MCI_M_Drive\angelov\thesis\programming\Programming\kernel_0_1\ResourceManager.lst <-- itu /goban01/angelov/thesis/programming/Programming/kernel_0_1 ResourceManager.lst
2003.08.28 14:55 B H:\MCI_M_Drive\angelov\thesis\programming\Programming\kernel_0_1\ResourceManager.o <-- itu /goban01/angelov/thesis/programming/Programming/kernel_0_1 ResourceManager.o
2003.08.28 14:55 B H:\MCI_M_Drive\angelov\thesis\programming\Programming\kernel_0_1\ResourceManager_.h <-- itu /goban01/angelov/thesis/programming/Programming/kernel_0_1 ResourceManager_.h
2003.08.28 14:55 B H:\MCI_M_Drive\angelov\thesis\programming\Programming\kernel_0_1\TaskManager.c <-- itu /goban01/angelov/thesis/programming/Programming/kernel_0_1 TaskManager.c
2003.08.28 14:55 B H:\MCI_M_Drive\angelov\thesis\programming\Programming\kernel_0_1\TaskManager.d <-- itu /goban01/angelov/thesis/programming/Programming/kernel_0_1 TaskManager.d
2003.08.28 14:55 B H:\MCI_M_Drive\angelov\thesis\programming\Programming\kernel_0_1\TaskManager.h <-- itu /goban01/angelov/thesis/programming/Programming/kernel_0_1 TaskManager.h
2003.08.28 14:55 B H:\MCI_M_Drive\angelov\thesis\programming\Programming\kernel_0_1\TaskManager.lst <-- itu /goban01/angelov/thesis/programming/Programming/kernel_0_1 TaskManager.lst
2003.08.28 14:55 B H:\MCI_M_Drive\angelov\thesis\programming\Programming\kernel_0_1\TaskManager.o <-- itu /goban01/angelov/thesis/programming/Programming/kernel_0_1 TaskManager.o
2003.08.28 14:55 B H:\MCI_M_Drive\angelov\thesis\programming\Programming\kernel_0_1\TaskManager_.h <-- itu /goban01/angelov/thesis/programming/Programming/kernel_0_1 TaskManager_.h
2004.01.09 15:29 B H:\ITU_H_Drive\jaigurudev\MCI_M_Drive\angelov\thesis\programming\Programming\kernel_0_1\WS_FTP.LOG <-- Ipswitch /.automount/spiderman2/root/export/home1/jaigurudev/MCI_M_Drive/angelov/thesis/programming/Programming/kernel_0_1 WS_FTP.LOG
