GAS LISTING C:\DOCUME~1\goban01\LOCALS~1\Temp/ccqyaaaa.s 			page 1


   1               		.file	"SynchronizationBus.c"
   2               		.arch atmega103
   3               	__SREG__ = 0x3f
   4               	__SP_H__ = 0x3e
   5               	__SP_L__ = 0x3d
   6               	__tmp_reg__ = 0
   7               	__zero_reg__ = 1
   8               		.global __do_copy_data
   9               		.global __do_clear_bss
  10               		.text
  11               	.global	signal_and_release
  12               		.type	signal_and_release, @function
  13               	signal_and_release:
  14               	/* prologue: frame size=2 */
  15 0000 CF93      		push r28
  16 0002 DF93      		push r29
  17 0004 CDB7      		in r28,__SP_L__
  18 0006 DEB7      		in r29,__SP_H__
  19 0008 2297      		sbiw r28,2
  20 000a 0FB6      		in __tmp_reg__,__SREG__
  21 000c F894      		cli
  22 000e DEBF      		out __SP_H__,r29
  23 0010 0FBE      		out __SREG__,__tmp_reg__
  24 0012 CDBF      		out __SP_L__,r28
  25               	/* prologue end (size=10) */
  26 0014 8983      		std Y+1,r24
  27 0016 6A83      		std Y+2,r22
  28               	/* #APP */
  29 0018 0FB6      		in __tmp_reg__,__SREG__
  30 001a F894      		cli
  31 001c 0F92      		push __tmp_reg__
  32               		
  33               	/* #NOAPP */
  34 001e 8981      		ldd r24,Y+1
  35 0020 282F      		mov r18,r24
  36 0022 3327      		clr r19
  37 0024 932F      		mov r25,r19
  38 0026 822F      		mov r24,r18
  39 0028 820F      		add r24,r18
  40 002a 931F      		adc r25,r19
  41 002c B92F      		mov r27,r25
  42 002e A82F      		mov r26,r24
  43 0030 A050      		subi r26,lo8(-(SCB))
  44 0032 B040      		sbci r27,hi8(-(SCB))
  45 0034 8981      		ldd r24,Y+1
  46 0036 282F      		mov r18,r24
  47 0038 3327      		clr r19
  48 003a 932F      		mov r25,r19
  49 003c 822F      		mov r24,r18
  50 003e 820F      		add r24,r18
  51 0040 931F      		adc r25,r19
  52 0042 F92F      		mov r31,r25
  53 0044 E82F      		mov r30,r24
  54 0046 E050      		subi r30,lo8(-(SCB))
  55 0048 F040      		sbci r31,hi8(-(SCB))
  56 004a 9081      		ld r25,Z
  57 004c 8A81      		ldd r24,Y+2
GAS LISTING C:\DOCUME~1\goban01\LOCALS~1\Temp/ccqyaaaa.s 			page 2


  58 004e 892B      		or r24,r25
  59 0050 8C93      		st X,r24
  60 0052 8981      		ldd r24,Y+1
  61 0054 282F      		mov r18,r24
  62 0056 3327      		clr r19
  63 0058 932F      		mov r25,r19
  64 005a 822F      		mov r24,r18
  65 005c 820F      		add r24,r18
  66 005e 931F      		adc r25,r19
  67 0060 F92F      		mov r31,r25
  68 0062 E82F      		mov r30,r24
  69 0064 E050      		subi r30,lo8(-(SCB+1))
  70 0066 F040      		sbci r31,hi8(-(SCB+1))
  71 0068 8081      		ld r24,Z
  72 006a 0E94 0000 		call release
  73               	/* #APP */
  74 006e 0F90      		pop __tmp_reg__
  75 0070 0FBE      		out __SREG__,__tmp_reg__
  76               		
  77               	/* #NOAPP */
  78               	/* epilogue: frame size=2 */
  79 0072 2296      		adiw r28,2
  80 0074 0FB6      		in __tmp_reg__,__SREG__
  81 0076 F894      		cli
  82 0078 DEBF      		out __SP_H__,r29
  83 007a 0FBE      		out __SREG__,__tmp_reg__
  84 007c CDBF      		out __SP_L__,r28
  85 007e DF91      		pop r29
  86 0080 CF91      		pop r28
  87 0082 0895      		ret
  88               	/* epilogue end (size=9) */
  89               	/* function signal_and_release size 75 (56) */
  90               		.size	signal_and_release, .-signal_and_release
  91               	.global	test_and_reset
  92               		.type	test_and_reset, @function
  93               	test_and_reset:
  94               	/* prologue: frame size=3 */
  95 0084 CF93      		push r28
  96 0086 DF93      		push r29
  97 0088 CDB7      		in r28,__SP_L__
  98 008a DEB7      		in r29,__SP_H__
  99 008c 2397      		sbiw r28,3
 100 008e 0FB6      		in __tmp_reg__,__SREG__
 101 0090 F894      		cli
 102 0092 DEBF      		out __SP_H__,r29
 103 0094 0FBE      		out __SREG__,__tmp_reg__
 104 0096 CDBF      		out __SP_L__,r28
 105               	/* prologue end (size=10) */
 106 0098 8983      		std Y+1,r24
 107               	/* #APP */
 108 009a 0FB6      		in __tmp_reg__,__SREG__
 109 009c F894      		cli
 110 009e 0F92      		push __tmp_reg__
 111               		
 112               	/* #NOAPP */
 113 00a0 8981      		ldd r24,Y+1
 114 00a2 282F      		mov r18,r24
GAS LISTING C:\DOCUME~1\goban01\LOCALS~1\Temp/ccqyaaaa.s 			page 3


 115 00a4 3327      		clr r19
 116 00a6 932F      		mov r25,r19
 117 00a8 822F      		mov r24,r18
 118 00aa 820F      		add r24,r18
 119 00ac 931F      		adc r25,r19
 120 00ae F92F      		mov r31,r25
 121 00b0 E82F      		mov r30,r24
 122 00b2 E050      		subi r30,lo8(-(SCB))
 123 00b4 F040      		sbci r31,hi8(-(SCB))
 124 00b6 8081      		ld r24,Z
 125 00b8 482F      		mov r20,r24
 126 00ba 5527      		clr r21
 127 00bc 8091 0000 		lds r24,RT
 128 00c0 282F      		mov r18,r24
 129 00c2 3327      		clr r19
 130 00c4 932F      		mov r25,r19
 131 00c6 822F      		mov r24,r18
 132 00c8 820F      		add r24,r18
 133 00ca 931F      		adc r25,r19
 134 00cc F92F      		mov r31,r25
 135 00ce E82F      		mov r30,r24
 136 00d0 E050      		subi r30,lo8(-(bit_vect))
 137 00d2 F040      		sbci r31,hi8(-(bit_vect))
 138 00d4 8081      		ld r24,Z
 139 00d6 9181      		ldd r25,Z+1
 140 00d8 8423      		and r24,r20
 141 00da 9523      		and r25,r21
 142 00dc 0097      		sbiw r24,0
 143 00de 89F1      		breq .L5
 144 00e0 8981      		ldd r24,Y+1
 145 00e2 282F      		mov r18,r24
 146 00e4 3327      		clr r19
 147 00e6 932F      		mov r25,r19
 148 00e8 822F      		mov r24,r18
 149 00ea 820F      		add r24,r18
 150 00ec 931F      		adc r25,r19
 151 00ee 482F      		mov r20,r24
 152 00f0 592F      		mov r21,r25
 153 00f2 4050      		subi r20,lo8(-(SCB))
 154 00f4 5040      		sbci r21,hi8(-(SCB))
 155 00f6 8981      		ldd r24,Y+1
 156 00f8 282F      		mov r18,r24
 157 00fa 3327      		clr r19
 158 00fc 932F      		mov r25,r19
 159 00fe 822F      		mov r24,r18
 160 0100 820F      		add r24,r18
 161 0102 931F      		adc r25,r19
 162 0104 B92F      		mov r27,r25
 163 0106 A82F      		mov r26,r24
 164 0108 A050      		subi r26,lo8(-(SCB))
 165 010a B040      		sbci r27,hi8(-(SCB))
 166 010c 8091 0000 		lds r24,RT
 167 0110 282F      		mov r18,r24
 168 0112 3327      		clr r19
 169 0114 932F      		mov r25,r19
 170 0116 822F      		mov r24,r18
 171 0118 820F      		add r24,r18
GAS LISTING C:\DOCUME~1\goban01\LOCALS~1\Temp/ccqyaaaa.s 			page 4


 172 011a 931F      		adc r25,r19
 173 011c F92F      		mov r31,r25
 174 011e E82F      		mov r30,r24
 175 0120 E050      		subi r30,lo8(-(bit_vect))
 176 0122 F040      		sbci r31,hi8(-(bit_vect))
 177 0124 8081      		ld r24,Z
 178 0126 982F      		mov r25,r24
 179 0128 9095      		com r25
 180 012a 8C91      		ld r24,X
 181 012c 8923      		and r24,r25
 182 012e F52F      		mov r31,r21
 183 0130 E42F      		mov r30,r20
 184 0132 8083      		st Z,r24
 185               	/* #APP */
 186 0134 0F90      		pop __tmp_reg__
 187 0136 0FBE      		out __SREG__,__tmp_reg__
 188               		
 189               	/* #NOAPP */
 190 0138 81E0      		ldi r24,lo8(1)
 191 013a 90E0      		ldi r25,hi8(1)
 192 013c 8A83      		std Y+2,r24
 193 013e 9B83      		std Y+3,r25
 194 0140 04C0      		rjmp .L4
 195               	.L5:
 196               	/* #APP */
 197 0142 0F90      		pop __tmp_reg__
 198 0144 0FBE      		out __SREG__,__tmp_reg__
 199               		
 200               	/* #NOAPP */
 201 0146 1A82      		std Y+2,__zero_reg__
 202 0148 1B82      		std Y+3,__zero_reg__
 203               	.L4:
 204 014a 8A81      		ldd r24,Y+2
 205 014c 9B81      		ldd r25,Y+3
 206               	/* epilogue: frame size=3 */
 207 014e 2396      		adiw r28,3
 208 0150 0FB6      		in __tmp_reg__,__SREG__
 209 0152 F894      		cli
 210 0154 DEBF      		out __SP_H__,r29
 211 0156 0FBE      		out __SREG__,__tmp_reg__
 212 0158 CDBF      		out __SP_L__,r28
 213 015a DF91      		pop r29
 214 015c CF91      		pop r28
 215 015e 0895      		ret
 216               	/* epilogue end (size=9) */
 217               	/* function test_and_reset size 123 (104) */
 218               		.size	test_and_reset, .-test_and_reset
 219               		.comm ATV,1,1
 220               		.comm BTV,1,1
 221               		.comm RT,1,1
 222               	/* File "../kernel_0_4/SynchronizationBus.c": code  198 = 0x00c6 ( 160), prologues  20, epilogues  
GAS LISTING C:\DOCUME~1\goban01\LOCALS~1\Temp/ccqyaaaa.s 			page 5


DEFINED SYMBOLS
                            *ABS*:00000000 SynchronizationBus.c
                            *ABS*:0000003f __SREG__
                            *ABS*:0000003e __SP_H__
                            *ABS*:0000003d __SP_L__
                            *ABS*:00000000 __tmp_reg__
                            *ABS*:00000001 __zero_reg__
C:\DOCUME~1\goban01\LOCALS~1\Temp/ccqyaaaa.s:13     .text:00000000 signal_and_release
C:\DOCUME~1\goban01\LOCALS~1\Temp/ccqyaaaa.s:93     .text:00000084 test_and_reset
                            *COM*:00000001 RT
                            *COM*:00000001 ATV
                            *COM*:00000001 BTV
                            *ABS*:00000000 *ABS*

UNDEFINED SYMBOLS
__do_copy_data
__do_clear_bss
SCB
release
bit_vect
