2003.08.28 14:55 B H:\MCI_M_Drive\angelov\thesis\programming\Programming\kernel_0_4\.map <-- itu /goban01/angelov/thesis/programming/Programming/kernel_0_4 .map
2003.08.28 14:55 B H:\MCI_M_Drive\angelov\thesis\programming\Programming\kernel_0_4\CommunicationBus.c <-- itu /goban01/angelov/thesis/programming/Programming/kernel_0_4 CommunicationBus.c
2003.08.28 14:55 B H:\MCI_M_Drive\angelov\thesis\programming\Programming\kernel_0_4\global.c <-- itu /goban01/angelov/thesis/programming/Programming/kernel_0_4 global.c
2003.08.28 14:55 B H:\MCI_M_Drive\angelov\thesis\programming\Programming\kernel_0_4\global.d <-- itu /goban01/angelov/thesis/programming/Programming/kernel_0_4 global.d
2003.08.28 14:55 B H:\MCI_M_Drive\angelov\thesis\programming\Programming\kernel_0_4\global.lst <-- itu /goban01/angelov/thesis/programming/Programming/kernel_0_4 global.lst
2003.08.28 14:55 B H:\MCI_M_Drive\angelov\thesis\programming\Programming\kernel_0_4\global.o <-- itu /goban01/angelov/thesis/programming/Programming/kernel_0_4 global.o
2003.08.28 14:55 B H:\MCI_M_Drive\angelov\thesis\programming\Programming\kernel_0_4\IntegratedEventManager.c <-- itu /goban01/angelov/thesis/programming/Programming/kernel_0_4 IntegratedEventManager.c
2003.08.28 14:55 B H:\MCI_M_Drive\angelov\thesis\programming\Programming\kernel_0_4\IntegratedEventManager.d <-- itu /goban01/angelov/thesis/programming/Programming/kernel_0_4 IntegratedEventManager.d
2003.08.28 14:55 B H:\MCI_M_Drive\angelov\thesis\programming\Programming\kernel_0_4\IntegratedEventManager.h <-- itu /goban01/angelov/thesis/programming/Programming/kernel_0_4 IntegratedEventManager.h
2003.08.28 14:55 B H:\MCI_M_Drive\angelov\thesis\programming\Programming\kernel_0_4\IntegratedEventManager.lst <-- itu /goban01/angelov/thesis/programming/Programming/kernel_0_4 IntegratedEventManager.lst
2003.08.28 14:55 B H:\MCI_M_Drive\angelov\thesis\programming\Programming\kernel_0_4\IntegratedEventManager.o <-- itu /goban01/angelov/thesis/programming/Programming/kernel_0_4 IntegratedEventManager.o
2003.08.28 14:55 B H:\MCI_M_Drive\angelov\thesis\programming\Programming\kernel_0_4\IntegratedEventManager_.h <-- itu /goban01/angelov/thesis/programming/Programming/kernel_0_4 IntegratedEventManager_.h
2003.08.28 14:55 B H:\MCI_M_Drive\angelov\thesis\programming\Programming\kernel_0_4\ResourceManager.c <-- itu /goban01/angelov/thesis/programming/Programming/kernel_0_4 ResourceManager.c
2003.08.28 14:55 B H:\MCI_M_Drive\angelov\thesis\programming\Programming\kernel_0_4\ResourceManager.d <-- itu /goban01/angelov/thesis/programming/Programming/kernel_0_4 ResourceManager.d
2003.08.28 14:55 B H:\MCI_M_Drive\angelov\thesis\programming\Programming\kernel_0_4\ResourceManager.h <-- itu /goban01/angelov/thesis/programming/Programming/kernel_0_4 ResourceManager.h
2003.08.28 14:55 B H:\MCI_M_Drive\angelov\thesis\programming\Programming\kernel_0_4\ResourceManager.lst <-- itu /goban01/angelov/thesis/programming/Programming/kernel_0_4 ResourceManager.lst
2003.08.28 14:55 B H:\MCI_M_Drive\angelov\thesis\programming\Programming\kernel_0_4\ResourceManager.o <-- itu /goban01/angelov/thesis/programming/Programming/kernel_0_4 ResourceManager.o
2003.08.28 14:55 B H:\MCI_M_Drive\angelov\thesis\programming\Programming\kernel_0_4\ResourceManager_.h <-- itu /goban01/angelov/thesis/programming/Programming/kernel_0_4 ResourceManager_.h
2003.08.28 14:55 B H:\MCI_M_Drive\angelov\thesis\programming\Programming\kernel_0_4\SynchronizationBus.c <-- itu /goban01/angelov/thesis/programming/Programming/kernel_0_4 SynchronizationBus.c
2003.08.28 14:55 B H:\MCI_M_Drive\angelov\thesis\programming\Programming\kernel_0_4\SynchronizationBus.d <-- itu /goban01/angelov/thesis/programming/Programming/kernel_0_4 SynchronizationBus.d
2003.08.28 14:55 B H:\MCI_M_Drive\angelov\thesis\programming\Programming\kernel_0_4\SynchronizationBus.h <-- itu /goban01/angelov/thesis/programming/Programming/kernel_0_4 SynchronizationBus.h
2003.08.28 14:55 B H:\MCI_M_Drive\angelov\thesis\programming\Programming\kernel_0_4\SynchronizationBus.lst <-- itu /goban01/angelov/thesis/programming/Programming/kernel_0_4 SynchronizationBus.lst
2003.08.28 14:55 B H:\MCI_M_Drive\angelov\thesis\programming\Programming\kernel_0_4\SynchronizationBus.o <-- itu /goban01/angelov/thesis/programming/Programming/kernel_0_4 SynchronizationBus.o
2003.08.28 14:55 B H:\MCI_M_Drive\angelov\thesis\programming\Programming\kernel_0_4\SynchronizationBus_.h <-- itu /goban01/angelov/thesis/programming/Programming/kernel_0_4 SynchronizationBus_.h
2003.08.28 14:55 B H:\MCI_M_Drive\angelov\thesis\programming\Programming\kernel_0_4\TaskManager.c <-- itu /goban01/angelov/thesis/programming/Programming/kernel_0_4 TaskManager.c
2003.08.28 14:55 B H:\MCI_M_Drive\angelov\thesis\programming\Programming\kernel_0_4\TaskManager.d <-- itu /goban01/angelov/thesis/programming/Programming/kernel_0_4 TaskManager.d
2003.08.28 14:55 B H:\MCI_M_Drive\angelov\thesis\programming\Programming\kernel_0_4\TaskManager.h <-- itu /goban01/angelov/thesis/programming/Programming/kernel_0_4 TaskManager.h
2003.08.28 14:55 B H:\MCI_M_Drive\angelov\thesis\programming\Programming\kernel_0_4\TaskManager.lst <-- itu /goban01/angelov/thesis/programming/Programming/kernel_0_4 TaskManager.lst
2003.08.28 14:55 B H:\MCI_M_Drive\angelov\thesis\programming\Programming\kernel_0_4\TaskManager.o <-- itu /goban01/angelov/thesis/programming/Programming/kernel_0_4 TaskManager.o
2003.08.28 14:55 B H:\MCI_M_Drive\angelov\thesis\programming\Programming\kernel_0_4\TaskManager_.h <-- itu /goban01/angelov/thesis/programming/Programming/kernel_0_4 TaskManager_.h
2004.01.09 15:29 B H:\ITU_H_Drive\jaigurudev\MCI_M_Drive\angelov\thesis\programming\Programming\kernel_0_4\WS_FTP.LOG <-- Ipswitch /.automount/spiderman2/root/export/home1/jaigurudev/MCI_M_Drive/angelov/thesis/programming/Programming/kernel_0_4 WS_FTP.LOG
